\BOOKMARK [1][-]{section.1}{\376\377\117\177\165\050\160\271\133\371\160\271\117\341\220\123\166\204\145\160\143\156\224\376\215\357\134\102}{}% 1
\BOOKMARK [2][-]{subsection.1.1}{\376\377\145\160\143\156\224\376\215\357\124\214\136\047}{section.1}% 2
\BOOKMARK [2][-]{subsection.1.2}{\376\377\116\011\116\052\127\372\147\054\225\356\230\230}{section.1}% 3
\BOOKMARK [3][-]{subsubsection.1.2.1}{\376\377\134\001\210\305\142\020\136\047}{subsection.1.2}% 4
\BOOKMARK [3][-]{subsubsection.1.2.2}{\376\377\220\017\146\016\117\040\217\223}{subsection.1.2}% 5
\BOOKMARK [3][-]{subsubsection.1.2.3}{\376\377\135\356\225\031\150\300\155\113}{subsection.1.2}% 6
\BOOKMARK [1][-]{section.2}{\376\377\123\357\227\140\117\040\217\223}{}% 7
\BOOKMARK [2][-]{subsection.2.1}{\376\377\123\357\227\140\117\040\217\223\166\204\127\372\147\054\151\202\137\365}{section.2}% 8
\BOOKMARK [3][-]{subsubsection.2.1.1}{\376\377\120\134\153\142\000-\173\111\137\205\123\117\213\256\000S\000W}{subsection.2.1}% 9
\BOOKMARK [2][-]{subsection.2.2}{\376\377\126\336\220\000\000N\136\047\123\117\213\256\000G\000B\000N}{section.2}% 10
\BOOKMARK [2][-]{subsection.2.3}{\376\377\220\011\142\351\221\315\117\040\123\117\213\256\000S\000R}{section.2}% 11
\BOOKMARK [1][-]{section.3}{\376\377\160\271\133\371\160\271\123\117\213\256\000P\000P\000P}{}% 12
\BOOKMARK [2][-]{subsection.3.1}{\376\377\000P\000P\000P\123\117\213\256\166\204\162\171\160\271}{section.3}% 13
\BOOKMARK [3][-]{subsubsection.3.1.1}{\376\377\000P\000P\000P\123\117\213\256\136\224\156\341\215\263\166\204\211\201\154\102}{subsection.3.1}% 14
\BOOKMARK [3][-]{subsubsection.3.1.2}{\376\377\000P\000P\000P\123\117\213\256\166\204\176\304\142\020}{subsection.3.1}% 15
\BOOKMARK [2][-]{subsection.3.2}{\376\377\000P\000P\000P\123\117\213\256\166\204\136\047\150\074\137\017}{section.3}% 16
\BOOKMARK [3][-]{subsubsection.3.2.1}{\376\377\124\004\133\127\153\265\166\204\141\017\116\111}{subsection.3.2}% 17
\BOOKMARK [3][-]{subsubsection.3.2.2}{\376\377\133\127\202\202\130\153\121\105}{subsection.3.2}% 18
\BOOKMARK [3][-]{subsubsection.3.2.3}{\376\377\226\366\153\324\162\171\130\153\121\105}{subsection.3.2}% 19
\BOOKMARK [2][-]{subsection.3.3}{\376\377\000P\000P\000P\123\117\213\256\166\204\135\345\117\134\162\266\140\001}{section.3}% 20
\BOOKMARK [1][-]{section.4}{\376\377\117\177\165\050\136\177\144\255\117\341\220\123\166\204\145\160\143\156\224\376\215\357\134\102}{}% 21
\BOOKMARK [2][-]{subsection.4.1}{\376\377\134\100\127\337\177\121\166\204\145\160\143\156\224\376\215\357\134\102}{section.4}% 22
\BOOKMARK [2][-]{subsection.4.2}{\376\377\000C\000S\000M\000A\000/\000C\000D\123\117\213\256}{section.4}% 23
\BOOKMARK [2][-]{subsection.4.3}{\376\377\0008\0000\0002\000.\0001\0001\000\040\134\100\127\337\177\121\166\204\000M\000A\000C\134\102\123\117\213\256}{section.4}% 24
\BOOKMARK [3][-]{subsubsection.4.3.1}{\376\377\000C\000S\000M\000A\000/\000C\000A\123\117\213\256}{subsection.4.3}% 25
\BOOKMARK [3][-]{subsubsection.4.3.2}{\376\377\133\371\117\341\220\123\217\333\210\114\230\204\176\246}{subsection.4.3}% 26
\BOOKMARK [2][-]{subsection.4.4}{\376\377\117\177\165\050\226\306\176\277\126\150\166\204\146\037\137\142\142\323\142\121}{section.4}% 27
\BOOKMARK [2][-]{subsection.4.5}{\376\377\116\345\131\052\177\121\166\204\117\341\220\123\122\051\165\050\163\207}{section.4}% 28
\BOOKMARK [2][-]{subsection.4.6}{\376\377\116\345\131\052\177\121\166\204\000M\000A\000C\134\102}{section.4}% 29
\BOOKMARK [3][-]{subsubsection.4.6.1}{\376\377\000M\000A\000C\134\102\166\204\170\154\116\366\127\060\127\100}{subsection.4.6}% 30
\BOOKMARK [3][-]{subsubsection.4.6.2}{\376\377\000M\000A\000C\136\047\166\204\150\074\137\017}{subsection.4.6}% 31
\BOOKMARK [1][-]{section.5}{\376\377\142\323\134\125\166\204\116\345\131\052\177\121}{}% 32
\BOOKMARK [2][-]{subsection.5.1}{\376\377\127\050\162\151\164\006\134\102\142\323\134\125\116\345\131\052\177\121}{section.5}% 33
\BOOKMARK [2][-]{subsection.5.2}{\376\377\127\050\145\160\143\156\224\376\215\357\134\102\142\323\134\125\116\345\131\052\177\121}{section.5}% 34
\BOOKMARK [3][-]{subsubsection.5.2.1}{\376\377\116\345\131\052\177\121\116\244\143\142\147\072\166\204\162\171\160\271}{subsection.5.2}% 35
\BOOKMARK [2][-]{subsection.5.3}{\376\377\116\345\131\052\177\121\116\244\143\142\147\072\166\204\201\352\133\146\116\140\122\237\200\375}{section.5}% 36
\BOOKMARK [2][-]{subsection.5.4}{\376\377\206\132\142\337\134\100\127\337\177\121}{section.5}% 37
