\BOOKMARK [1][-]{section.1}{\376\377\177\121\176\334\134\102\143\320\117\233\166\204\116\044\171\315\147\015\122\241}{}% 1
\BOOKMARK [1][-]{section.2}{\376\377\177\121\226\105\123\117\213\256\000I\000P}{}% 2
\BOOKMARK [2][-]{subsection.2.1}{\376\377\206\132\142\337\116\222\217\336\177\121\176\334}{section.2}% 3
\BOOKMARK [2][-]{subsection.2.2}{\376\377\122\006\174\173\166\204\000I\000P\127\060\127\100}{section.2}% 4
\BOOKMARK [3][-]{subsubsection.2.2.1}{\376\377\000I\000P\127\060\127\100\123\312\121\166\210\150\171\072\145\271\154\325}{subsection.2.2}% 5
\BOOKMARK [3][-]{subsubsection.2.2.2}{\376\377\136\070\165\050\166\204\116\011\171\315\174\173\122\053\166\204\000I\000P\127\060\127\100}{subsection.2.2}% 6
\BOOKMARK [2][-]{subsection.2.3}{\376\377\000I\000P\127\060\127\100\116\016\170\154\116\366\127\060\127\100}{section.2}% 7
\BOOKMARK [2][-]{subsection.2.4}{\376\377\127\060\127\100\211\343\147\220\123\117\213\256\000A\000R\000P}{section.2}% 8
\BOOKMARK [2][-]{subsection.2.5}{\376\377\000I\000P\145\160\143\156\142\245\166\204\150\074\137\017}{section.2}% 9
\BOOKMARK [3][-]{subsubsection.2.5.1}{\376\377\000I\000P\145\160\143\156\142\245\231\226\220\350\166\204\126\372\133\232\220\350\122\006\116\055\166\204\124\004\133\127\153\265}{subsection.2.5}% 10
\BOOKMARK [4][-]{paragraph.2.5.1.1}{\376\377\162\110\147\054}{subsubsection.2.5.1}% 11
\BOOKMARK [4][-]{paragraph.2.5.1.2}{\376\377\231\226\220\350\225\177\136\246}{subsubsection.2.5.1}% 12
\BOOKMARK [4][-]{paragraph.2.5.1.3}{\376\377\123\072\122\006\147\015\122\241}{subsubsection.2.5.1}% 13
\BOOKMARK [4][-]{paragraph.2.5.1.4}{\376\377\140\073\225\177\136\246}{subsubsection.2.5.1}% 14
\BOOKMARK [4][-]{paragraph.2.5.1.5}{\376\377\150\007\213\306\377\010\000i\000d\000e\000n\000t\000i\000f\000i\000c\000a\000t\000i\000o\000n\377\011}{subsubsection.2.5.1}% 15
\BOOKMARK [4][-]{paragraph.2.5.1.6}{\376\377\150\007\137\327\377\010\000f\000l\000a\000g\377\011}{subsubsection.2.5.1}% 16
\BOOKMARK [4][-]{paragraph.2.5.1.7}{\376\377\162\107\120\117\171\373}{subsubsection.2.5.1}% 17
\BOOKMARK [4][-]{paragraph.2.5.1.8}{\376\377\165\037\133\130\145\366\225\364\000T\000T\000L}{subsubsection.2.5.1}% 18
\BOOKMARK [4][-]{paragraph.2.5.1.9}{\376\377\123\117\213\256}{subsubsection.2.5.1}% 19
\BOOKMARK [4][-]{paragraph.2.5.1.10}{\376\377\231\226\220\350\150\300\232\214\124\214}{subsubsection.2.5.1}% 20
\BOOKMARK [4][-]{paragraph.2.5.1.11}{\376\377\156\220\127\060\127\100}{subsubsection.2.5.1}% 21
\BOOKMARK [4][-]{paragraph.2.5.1.12}{\376\377\166\356\166\204\127\060\127\100}{subsubsection.2.5.1}% 22
\BOOKMARK [3][-]{subsubsection.2.5.2}{\376\377\000I\000P\145\160\143\156\142\245\231\226\220\350\166\204\123\357\123\330\220\350\122\006}{subsection.2.5}% 23
\BOOKMARK [2][-]{subsection.2.6}{\376\377\000I\000P\134\102\217\154\123\321\122\006\176\304\166\204\155\101\172\013}{section.2}% 24
\BOOKMARK [1][-]{section.3}{\376\377\122\022\122\006\133\120\177\121\124\214\147\204\220\040\215\205\177\121}{}% 25
\BOOKMARK [2][-]{subsection.3.1}{\376\377\122\022\122\006\133\120\177\121}{section.3}% 26
\BOOKMARK [3][-]{subsubsection.3.1.1}{\376\377\116\316\116\044\176\247\000\040\000I\000P\000\040\127\060\127\100\122\060\116\011\176\247\000\040\000I\000P\000\040\127\060\127\100}{subsection.3.1}% 27
\BOOKMARK [3][-]{subsubsection.3.1.2}{\376\377\133\120\177\121\143\251\170\001}{subsection.3.1}% 28
\BOOKMARK [2][-]{subsection.3.2}{\376\377\117\177\165\050\133\120\177\121\145\366\122\006\176\304\166\204\217\154\123\321}{section.3}% 29
\BOOKMARK [2][-]{subsection.3.3}{\376\377\145\340\122\006\174\173\177\026\127\100\000C\000I\000D\000R\377\010\147\204\220\040\215\205\177\121\377\011}{section.3}% 30
\BOOKMARK [3][-]{subsubsection.3.3.1}{\376\377\177\121\176\334\122\115\177\000}{subsection.3.3}% 31
\BOOKMARK [3][-]{subsubsection.3.3.2}{\376\377\147\000\225\177\122\115\177\000\123\071\221\115}{subsection.3.3}% 32
\BOOKMARK [1][-]{section.4}{\376\377\177\121\226\105\143\247\122\066\142\245\145\207\123\117\213\256\000I\000C\000M\000P}{}% 33
\BOOKMARK [2][-]{subsection.4.1}{\376\377\000I\000C\000M\000P\142\245\145\207\166\204\171\315\174\173}{section.4}% 34
\BOOKMARK [2][-]{subsection.4.2}{\376\377\000I\000C\000M\000P\166\204\136\224\165\050\116\076\117\213}{section.4}% 35
\BOOKMARK [1][-]{section.5}{\376\377\116\222\200\124\177\121\166\204\215\357\165\061\220\011\142\351\123\117\213\256}{}% 36
\BOOKMARK [2][-]{subsection.5.1}{\376\377\147\011\121\163\215\357\165\061\220\011\142\351\123\117\213\256\166\204\121\340\116\052\127\372\147\054\151\202\137\365}{section.5}% 37
\BOOKMARK [3][-]{subsubsection.5.1.1}{\376\377\164\006\140\363\166\204\215\357\165\061\173\227\154\325}{subsection.5.1}% 38
\BOOKMARK [3][-]{subsubsection.5.1.2}{\376\377\122\006\134\102\153\041\166\204\215\357\165\061\220\011\142\351\123\117\213\256}{subsection.5.1}% 39
\BOOKMARK [2][-]{subsection.5.2}{\376\377\121\205\220\350\177\121\121\163\123\117\213\256\000R\000I\000P}{section.5}% 40
\BOOKMARK [3][-]{subsubsection.5.2.1}{\376\377\135\345\117\134\123\237\164\006}{subsection.5.2}% 41
\BOOKMARK [3][-]{subsubsection.5.2.2}{\376\377\215\335\171\273\124\021\221\317\173\227\154\325}{subsection.5.2}% 42
\BOOKMARK [3][-]{subsubsection.5.2.3}{\376\377\000R\000I\000P\123\117\213\256\166\204\142\245\145\207\150\074\137\017}{subsection.5.2}% 43
\BOOKMARK [2][-]{subsection.5.3}{\376\377\121\205\220\350\177\121\121\163\123\117\213\256\000O\000S\000P\000F}{section.5}% 44
\BOOKMARK [3][-]{subsubsection.5.3.1}{\376\377\000O\000S\000P\000F\123\117\213\256\166\204\127\372\147\054\162\171\160\271}{subsection.5.3}% 45
\BOOKMARK [3][-]{subsubsection.5.3.2}{\376\377\000O\000S\000P\000F\166\204\127\372\147\054\135\345\117\134\123\237\164\006}{subsection.5.3}% 46
\BOOKMARK [2][-]{subsection.5.4}{\376\377\131\026\220\350\177\121\121\163\123\117\213\256\000B\000G\000P}{section.5}% 47
\BOOKMARK [2][-]{subsection.5.5}{\376\377\215\357\165\061\126\150\166\204\147\204\142\020}{section.5}% 48
\BOOKMARK [3][-]{subsubsection.5.5.1}{\376\377\215\357\165\061\126\150\166\204\176\323\147\204}{subsection.5.5}% 49
\BOOKMARK [3][-]{subsubsection.5.5.2}{\376\377\116\244\143\142\176\323\147\204}{subsection.5.5}% 50
\BOOKMARK [1][-]{section.6}{\376\377\206\132\142\337\116\023\165\050\177\121\000V\000P\000N\124\214\177\121\176\334\127\060\127\100\217\154\143\142\000N\000A\000T}{}% 51
\BOOKMARK [2][-]{subsection.6.1}{\376\377\206\132\142\337\116\023\165\050\177\121\000V\000P\000N}{section.6}% 52
\BOOKMARK [2][-]{subsection.6.2}{\376\377\177\121\176\334\127\060\127\100\217\154\143\142\000N\000A\000T}{section.6}% 53
