\BOOKMARK [1][-]{section.1}{\376\377\127\337\124\015\174\373\176\337\000D\000N\000S}{}% 1
\BOOKMARK [2][-]{subsection.1.1}{\376\377\127\337\124\015\174\373\176\337\151\202\217\360}{section.1}% 2
\BOOKMARK [2][-]{subsection.1.2}{\376\377\116\222\200\124\177\121\166\204\127\337\124\015\176\323\147\204}{section.1}% 3
\BOOKMARK [2][-]{subsection.1.3}{\376\377\127\337\124\015\147\015\122\241\126\150}{section.1}% 4
\BOOKMARK [1][-]{section.2}{\376\377\145\207\116\366\117\040\220\001\123\117\213\256}{}% 5
\BOOKMARK [2][-]{subsection.2.1}{\376\377\000F\000T\000P\151\202\217\360}{section.2}% 6
\BOOKMARK [2][-]{subsection.2.2}{\376\377\000F\000T\000P\166\204\127\372\147\054\135\345\117\134\123\237\164\006}{section.2}% 7
\BOOKMARK [2][-]{subsection.2.3}{\376\377\173\200\123\125\145\207\116\366\117\040\220\001\123\117\213\256\000T\000F\000T\000P}{section.2}% 8
\BOOKMARK [1][-]{section.3}{\376\377\217\334\172\013\176\310\172\357\123\117\213\256\000T\000E\000L\000N\000E\000T}{}% 9
\BOOKMARK [1][-]{section.4}{\376\377\116\007\176\364\177\121\000W\000W\000W}{}% 10
\BOOKMARK [2][-]{subsection.4.1}{\376\377\116\007\176\364\177\121\151\202\217\360}{section.4}% 11
\BOOKMARK [2][-]{subsection.4.2}{\376\377\176\337\116\000\215\104\156\220\133\232\117\115\173\046\000U\000R\000L}{section.4}% 12
\BOOKMARK [3][-]{subsubsection.4.2.1}{\376\377\000U\000R\000L\166\204\150\074\137\017}{subsection.4.2}% 13
\BOOKMARK [3][-]{subsubsection.4.2.2}{\376\377\117\177\165\050\000H\000T\000T\000P\166\204\000U\000R\000L}{subsection.4.2}% 14
\BOOKMARK [2][-]{subsection.4.3}{\376\377\215\205\145\207\147\054\117\040\220\001\123\117\213\256\000H\000T\000T\000P}{section.4}% 15
\BOOKMARK [3][-]{subsubsection.4.3.1}{\376\377\000H\000T\000T\000P\166\204\144\315\117\134\217\307\172\013}{subsection.4.3}% 16
\BOOKMARK [3][-]{subsubsection.4.3.2}{\376\377\116\343\164\006\147\015\122\241\126\150}{subsection.4.3}% 17
\BOOKMARK [3][-]{subsubsection.4.3.3}{\376\377\000H\000T\000T\000P\166\204\142\245\145\207\176\323\147\204}{subsection.4.3}% 18
\BOOKMARK [3][-]{subsubsection.4.3.4}{\376\377\127\050\147\015\122\241\126\150\116\012\133\130\145\076\165\050\142\067\166\204\117\341\140\157}{subsection.4.3}% 19
\BOOKMARK [2][-]{subsection.4.4}{\376\377\116\007\176\364\177\121\166\204\145\207\150\143}{section.4}% 20
\BOOKMARK [1][-]{section.5}{\376\377\165\065\133\120\220\256\116\366}{}% 21
\BOOKMARK [2][-]{subsection.5.1}{\376\377\165\065\133\120\220\256\116\366\151\202\217\360}{section.5}% 22
\BOOKMARK [2][-]{subsection.5.2}{\376\377\173\200\123\125\220\256\116\366\117\040\220\001\123\117\213\256\000S\000M\000T\000P}{section.5}% 23
\BOOKMARK [2][-]{subsection.5.3}{\376\377\165\065\133\120\220\256\116\366\166\204\117\341\140\157\150\074\137\017}{section.5}% 24
\BOOKMARK [2][-]{subsection.5.4}{\376\377\220\256\116\366\213\373\123\326\123\117\213\256\000P\000O\000P\0003\124\214\000I\000M\000A\000P}{section.5}% 25
\BOOKMARK [2][-]{subsection.5.5}{\376\377\127\372\116\216\116\007\176\364\177\121\166\204\165\065\133\120\220\256\116\366}{section.5}% 26
\BOOKMARK [2][-]{subsection.5.6}{\376\377\220\032\165\050\116\222\200\124\177\121\220\256\116\366\142\151\121\105\000M\000I\000M\000E}{section.5}% 27
\BOOKMARK [1][-]{section.6}{\376\377\122\250\140\001\116\073\147\072\221\115\177\156\123\117\213\256\000D\000H\000C\000P}{}% 28
