\BOOKMARK [1][-]{section.1}{\376\377\217\320\217\223\134\102\123\117\213\256\151\202\217\360}{}% 1
\BOOKMARK [2][-]{subsection.1.1}{\376\377\217\333\172\013\116\113\225\364\166\204\220\032\117\341}{section.1}% 2
\BOOKMARK [2][-]{subsection.1.2}{\376\377\217\320\217\223\134\102\166\204\116\044\116\052\116\073\211\201\123\117\213\256}{section.1}% 3
\BOOKMARK [2][-]{subsection.1.3}{\376\377\217\320\217\223\134\102\166\204\172\357\123\343}{section.1}% 4
\BOOKMARK [1][-]{section.2}{\376\377\165\050\142\067\145\160\143\156\142\245\123\117\213\256\000U\000D\000P}{}% 5
\BOOKMARK [2][-]{subsection.2.1}{\376\377\000U\000D\000P\151\202\217\360}{section.2}% 6
\BOOKMARK [2][-]{subsection.2.2}{\376\377\000U\000D\000P\166\204\231\226\220\350\150\074\137\017}{section.2}% 7
\BOOKMARK [1][-]{section.3}{\376\377\117\040\217\223\143\247\122\066\123\117\213\256\000T\000C\000P\151\202\217\360}{}% 8
\BOOKMARK [2][-]{subsection.3.1}{\376\377\000T\000C\000P\147\000\116\073\211\201\166\204\162\171\160\271}{section.3}% 9
\BOOKMARK [2][-]{subsection.3.2}{\376\377\000T\000C\000P\166\204\224\376\143\245}{section.3}% 10
\BOOKMARK [1][-]{section.4}{\376\377\000T\000C\000P\142\245\145\207\153\265\166\204\231\226\220\350\150\074\137\017}{}% 11
\BOOKMARK [1][-]{section.5}{\376\377\000T\000C\000P\123\357\227\140\117\040\217\223\166\204\133\236\163\260}{}% 12
\BOOKMARK [2][-]{subsection.5.1}{\376\377\116\345\133\127\202\202\116\072\123\125\117\115\166\204\156\321\122\250\172\227\123\343}{section.5}% 13
\BOOKMARK [2][-]{subsection.5.2}{\376\377\215\205\145\366\221\315\117\040\145\366\225\364\166\204\220\011\142\351}{section.5}% 14
\BOOKMARK [1][-]{section.6}{\376\377\000T\000C\000P\166\204\155\101\221\317\143\247\122\066}{}% 15
\BOOKMARK [1][-]{section.7}{\376\377\000T\000C\000P\166\204\142\345\130\136\143\247\122\066}{}% 16
\BOOKMARK [2][-]{subsection.7.1}{\376\377\141\142\137\000\131\313\124\214\142\345\130\136\220\177\121\115}{section.7}% 17
\BOOKMARK [2][-]{subsection.7.2}{\376\377\137\353\221\315\117\040\124\214\137\353\140\142\131\015}{section.7}% 18
\BOOKMARK [1][-]{section.8}{\376\377\000T\000C\000P\166\204\217\320\217\223\217\336\143\245\173\241\164\006}{}% 19
\BOOKMARK [2][-]{subsection.8.1}{\376\377\000T\000C\000P\166\204\217\336\143\245\136\372\172\313}{section.8}% 20
\BOOKMARK [2][-]{subsection.8.2}{\376\377\000T\000C\000P\166\204\217\336\143\245\221\312\145\076}{section.8}% 21
\BOOKMARK [2][-]{subsection.8.3}{\376\377\000T\000C\000P\166\204\147\011\226\120\162\266\140\001\147\072}{section.8}% 22
