\BOOKMARK [1][-]{section.1}{\376\377\213\241\173\227\147\072\177\121\176\334\127\050\117\341\140\157\145\366\116\343\166\204\117\134\165\050}{}% 1
\BOOKMARK [1][-]{section.2}{\376\377\116\222\200\124\177\121\151\202\217\360}{}% 2
\BOOKMARK [2][-]{subsection.2.1}{\376\377\177\121\176\334\166\204\177\121\176\334}{section.2}% 3
\BOOKMARK [2][-]{subsection.2.2}{\376\377\116\222\200\124\177\121\127\372\170\100\176\323\147\204\123\321\134\125\166\204\116\011\116\052\226\066\153\265}{section.2}% 4
\BOOKMARK [2][-]{subsection.2.3}{\376\377\116\222\200\124\177\121\166\204\150\007\121\306\123\026\135\345\117\134}{section.2}% 5
\BOOKMARK [1][-]{section.3}{\376\377\116\222\200\124\177\121\166\204\176\304\142\020}{}% 6
\BOOKMARK [2][-]{subsection.3.1}{\376\377\116\222\200\124\177\121\166\204\217\271\177\030\220\350\122\006}{section.3}% 7
\BOOKMARK [3][-]{subsubsection.3.1.1}{\376\377\133\242\142\067\000-\147\015\122\241\126\150\145\271\137\017}{subsection.3.1}% 8
\BOOKMARK [3][-]{subsubsection.3.1.2}{\376\377\133\371\173\111\217\336\143\245\145\271\137\017}{subsection.3.1}% 9
\BOOKMARK [2][-]{subsection.3.2}{\376\377\116\222\200\124\177\121\166\204\150\070\137\303\220\350\122\006}{section.3}% 10
\BOOKMARK [3][-]{subsubsection.3.2.1}{\376\377\165\065\215\357\116\244\143\142\166\204\116\073\211\201\162\171\160\271}{subsection.3.2}% 11
\BOOKMARK [3][-]{subsubsection.3.2.2}{\376\377\122\006\176\304\116\244\143\142\166\204\116\073\211\201\162\171\160\271}{subsection.3.2}% 12
\BOOKMARK [3][-]{subsubsection.3.2.3}{\376\377\165\065\215\357\116\244\143\142\060\001\142\245\145\207\116\244\143\142\124\214\122\006\176\304\116\244\143\142\166\204\133\371\153\324}{subsection.3.2}% 13
\BOOKMARK [1][-]{section.4}{\376\377\213\241\173\227\147\072\177\121\176\334\166\204\174\173\122\053}{}% 14
\BOOKMARK [2][-]{subsection.4.1}{\376\377\213\241\173\227\147\072\177\121\176\334\166\204\133\232\116\111}{section.4}% 15
\BOOKMARK [2][-]{subsection.4.2}{\376\377\121\340\171\315\116\015\124\014\174\173\122\053\166\204\213\241\173\227\147\072\177\121\176\334}{section.4}% 16
\BOOKMARK [1][-]{section.5}{\376\377\213\241\173\227\147\072\177\121\176\334\166\204\140\047\200\375}{}% 17
\BOOKMARK [2][-]{subsection.5.1}{\376\377\213\241\173\227\147\072\177\121\176\334\166\204\140\047\200\375\143\007\150\007}{section.5}% 18
\BOOKMARK [3][-]{subsubsection.5.1.1}{\376\377\220\037\163\207}{subsection.5.1}% 19
\BOOKMARK [3][-]{subsubsection.5.1.2}{\376\377\136\046\133\275}{subsection.5.1}% 20
\BOOKMARK [3][-]{subsubsection.5.1.3}{\376\377\124\036\124\020\221\317}{subsection.5.1}% 21
\BOOKMARK [3][-]{subsubsection.5.1.4}{\376\377\145\366\136\366}{subsection.5.1}% 22
\BOOKMARK [3][-]{subsubsection.5.1.5}{\376\377\145\366\136\366\136\046\133\275\171\357}{subsection.5.1}% 23
\BOOKMARK [3][-]{subsubsection.5.1.6}{\376\377\137\200\217\324\145\366\225\364}{subsection.5.1}% 24
\BOOKMARK [3][-]{subsubsection.5.1.7}{\376\377\122\051\165\050\163\207}{subsection.5.1}% 25
\BOOKMARK [3][-]{subsubsection.5.1.8}{\376\377\116\042\123\005\163\207}{subsection.5.1}% 26
\BOOKMARK [2][-]{subsection.5.2}{\376\377\213\241\173\227\147\072\177\121\176\334\166\204\227\136\140\047\200\375\162\171\140\047}{section.5}% 27
\BOOKMARK [1][-]{section.6}{\376\377\213\241\173\227\147\072\177\121\176\334\117\123\174\373\176\323\147\204}{}% 28
\BOOKMARK [2][-]{subsection.6.1}{\376\377\123\117\213\256\116\016\122\022\122\006\134\102\153\041}{section.6}% 29
\BOOKMARK [2][-]{subsection.6.2}{\376\377\121\167\147\011\116\224\134\102\123\117\213\256\166\204\117\123\174\373\176\323\147\204}{section.6}% 30
\BOOKMARK [3][-]{subsubsection.6.2.1}{\376\377\136\224\165\050\134\102}{subsection.6.2}% 31
\BOOKMARK [3][-]{subsubsection.6.2.2}{\376\377\217\320\217\223\134\102}{subsection.6.2}% 32
\BOOKMARK [3][-]{subsubsection.6.2.3}{\376\377\177\121\176\334\134\102}{subsection.6.2}% 33
\BOOKMARK [3][-]{subsubsection.6.2.4}{\376\377\145\160\143\156\224\376\215\357\134\102}{subsection.6.2}% 34
\BOOKMARK [3][-]{subsubsection.6.2.5}{\376\377\162\151\164\006\134\102}{subsection.6.2}% 35
\BOOKMARK [3][-]{subsubsection.6.2.6}{\376\377\145\160\143\156\127\050\124\004\134\102\116\113\225\364\166\204\117\040\220\022\217\307\172\013}{subsection.6.2}% 36
\BOOKMARK [2][-]{subsection.6.3}{\376\377\000T\000C\000P\000/\000I\000P\166\204\117\123\174\373\176\323\147\204}{section.6}% 37
\BOOKMARK [2][-]{subsection.6.4}{\376\377\213\241\173\227\147\072\177\121\176\334\117\123\174\373\176\323\147\204\116\055\166\204\116\023\165\050\147\057\213\355}{section.6}% 38
